<?xml version="1.0" encoding="UTF-8"?>
<!-- Generated by org.testng.reporters.JUnitReportReporter -->
<testsuite hostname="AMALRAJUEDE5" failures="0" tests="4" name="com.test.classes.FillingFormTest" time="14.725" errors="0" timestamp="2022-01-04T20:42:11 IST" skipped="0">
  <testcase classname="com.test.classes.FillingFormTest" name="clickForEnterpriseTest" time="1.422"/>
  <system-out/>
  <testcase classname="com.test.classes.FillingFormTest" name="openFormTest" time="1.868"/>
  <system-out/>
  <testcase classname="com.test.classes.FillingFormTest" name="getDetailsTest" time="1.531"/>
  <system-out/>
  <testcase classname="com.test.classes.FillingFormTest" name="setDetailsTest" time="9.904"/>
  <system-out/>
</testsuite> <!-- com.test.classes.FillingFormTest -->
