<?xml version="1.0" encoding="UTF-8"?>
<!-- Generated by org.testng.reporters.JUnitReportReporter -->
<testsuite hostname="AMALRAJUEDE5" failures="0" tests="4" name="com.test.classes.SearchCourseTest" time="24.259" errors="0" timestamp="2022-01-04T20:42:11 IST" skipped="0">
  <testcase classname="com.test.classes.SearchCourseTest" name="enterCourseTest" time="9.541"/>
  <system-out/>
  <testcase classname="com.test.classes.SearchCourseTest" name="selectLevelTest" time="2.469"/>
  <system-out/>
  <testcase classname="com.test.classes.SearchCourseTest" name="checkFirstCourse" time="7.400"/>
  <system-out/>
  <testcase classname="com.test.classes.SearchCourseTest" name="checkSecondCourse" time="4.849"/>
  <system-out/>
</testsuite> <!-- com.test.classes.SearchCourseTest -->
