<?xml version="1.0" encoding="UTF-8"?>
<!-- Generated by org.testng.reporters.JUnitReportReporter -->
<testsuite skipped="0" hostname="AMALRAJUEDE5" name="com.test.classes.FillingFormTest" tests="4" failures="0" timestamp="2022-01-05T15:56:28 IST" time="26.353" errors="0">
  <testcase name="clickForEnterpriseTest" time="10.271" classname="com.test.classes.FillingFormTest"/>
  <system-out/>
  <testcase name="openFormTest" time="0.803" classname="com.test.classes.FillingFormTest"/>
  <system-out/>
  <testcase name="getDetailsTest" time="3.257" classname="com.test.classes.FillingFormTest"/>
  <system-out/>
  <testcase name="setDetailsTest" time="12.022" classname="com.test.classes.FillingFormTest"/>
  <system-out/>
</testsuite> <!-- com.test.classes.FillingFormTest -->
